<?xml version="1.0" encoding="UTF-8"?>
<testng-results skipped="0" failed="0" ignored="0" total="1" passed="1">
  <reporter-output>
  </reporter-output>
  <suite name="Default suite" duration-ms="120264" started-at="2017-05-24T10:25:18Z" finished-at="2017-05-24T10:27:18Z">
    <groups>
    </groups>
    <test name="Default test" duration-ms="120264" started-at="2017-05-24T10:25:18Z" finished-at="2017-05-24T10:27:18Z">
      <class name="com.hotelogix.smoke.AdminTest.AdminTest">
        <test-method status="PASS" signature="Login()[pri:0, instance:com.hotelogix.smoke.AdminTest.AdminTest@204f30ec]" name="Login" is-config="true" duration-ms="28823" started-at="2017-05-24T15:55:18Z" finished-at="2017-05-24T15:55:47Z">
          <reporter-output>
          </reporter-output>
        </test-method> <!-- Login -->
        <test-method status="PASS" signature="TC_114()[pri:38, instance:com.hotelogix.smoke.AdminTest.AdminTest@204f30ec]" name="TC_114" duration-ms="90243" started-at="2017-05-24T15:55:47Z" finished-at="2017-05-24T15:57:17Z">
          <reporter-output>
          </reporter-output>
        </test-method> <!-- TC_114 -->
        <test-method status="PASS" signature="closeApp()[pri:0, instance:com.hotelogix.smoke.AdminTest.AdminTest@204f30ec]" name="closeApp" is-config="true" duration-ms="1174" started-at="2017-05-24T15:57:17Z" finished-at="2017-05-24T15:57:18Z">
          <reporter-output>
          </reporter-output>
        </test-method> <!-- closeApp -->
      </class> <!-- com.hotelogix.smoke.AdminTest.AdminTest -->
    </test> <!-- Default test -->
  </suite> <!-- Default suite -->
</testng-results>
