<?xml version="1.0" encoding="UTF-8"?>
<!-- Generated by org.testng.reporters.JUnitXMLReporter -->
<testsuite hostname="hmspc101" name="Test(failed)(failed)(failed)" tests="12" failures="1" timestamp="18 Jan 2017 13:33:45 GMT" time="409.057" errors="0">
  <testcase name="@AfterMethod closeApp" time="0.0" classname="com.hotelogix.smoke.FrontdeskTest.FrontdeskTest">
    <failure type="org.openqa.selenium.remote.UnreachableBrowserException" message="Error communicating with the remote browser. It may have died.
Build info: version: &amp;apos;2.46.0&amp;apos;, revision: &amp;apos;61506a4624b13675f24581e453592342b7485d71&amp;apos;, time: &amp;apos;2015-06-04 10:22:50&amp;apos;
System info: host: &amp;apos;hmspc101&amp;apos;, ip: &amp;apos;192.168.2.114&amp;apos;, os.name: &amp;apos;Windows 10&amp;apos;, os.arch: &amp;apos;amd64&amp;apos;, os.version: &amp;apos;10.0&amp;apos;, java.version: &amp;apos;1.8.0_65&amp;apos;
Driver info: driver.version: RemoteWebDriver">
      <![CDATA[org.openqa.selenium.remote.UnreachableBrowserException: Error communicating with the remote browser. It may have died.
Build info: version: '2.46.0', revision: '61506a4624b13675f24581e453592342b7485d71', time: '2015-06-04 10:22:50'
System info: host: 'hmspc101', ip: '192.168.2.114', os.name: 'Windows 10', os.arch: 'amd64', os.version: '10.0', java.version: '1.8.0_65'
Driver info: driver.version: RemoteWebDriver
	at org.openqa.selenium.remote.RemoteWebDriver.execute(RemoteWebDriver.java:599)
	at org.openqa.selenium.remote.RemoteWebDriver.execute(RemoteWebDriver.java:628)
	at org.openqa.selenium.remote.RemoteWebDriver.close(RemoteWebDriver.java:469)
	at com.hotelogix.smoke.FrontdeskTest.FrontdeskTest.closeApp(FrontdeskTest.java:5301)
Caused by: org.apache.http.conn.HttpHostConnectException: Connect to 127.0.0.1:7055 [/127.0.0.1] failed: Connection refused: connect
	at org.apache.http.impl.conn.DefaultHttpClientConnectionOperator.connect(DefaultHttpClientConnectionOperator.java:151)
	at org.apache.http.impl.conn.PoolingHttpClientConnectionManager.connect(PoolingHttpClientConnectionManager.java:353)
	at org.apache.http.impl.execchain.MainClientExec.establishRoute(MainClientExec.java:380)
	at org.apache.http.impl.execchain.MainClientExec.execute(MainClientExec.java:236)
	at org.apache.http.impl.execchain.ProtocolExec.execute(ProtocolExec.java:184)
	at org.apache.http.impl.execchain.RetryExec.execute(RetryExec.java:88)
	at org.apache.http.impl.execchain.RedirectExec.execute(RedirectExec.java:110)
	at org.apache.http.impl.client.InternalHttpClient.doExecute(InternalHttpClient.java:184)
	at org.apache.http.impl.client.CloseableHttpClient.execute(CloseableHttpClient.java:71)
	at org.apache.http.impl.client.CloseableHttpClient.execute(CloseableHttpClient.java:55)
	at org.openqa.selenium.remote.internal.ApacheHttpClient.fallBackExecute(ApacheHttpClient.java:143)
	at org.openqa.selenium.remote.internal.ApacheHttpClient.execute(ApacheHttpClient.java:89)
	at org.openqa.selenium.remote.HttpCommandExecutor.execute(HttpCommandExecutor.java:134)
	at org.openqa.selenium.firefox.internal.NewProfileExtensionConnection.execute(NewProfileExtensionConnection.java:168)
	at org.openqa.selenium.firefox.FirefoxDriver$LazyCommandExecutor.execute(FirefoxDriver.java:392)
	at org.openqa.selenium.remote.RemoteWebDriver.execute(RemoteWebDriver.java:578)
	... 29 more
Caused by: java.net.ConnectException: Connection refused: connect
	at java.net.DualStackPlainSocketImpl.waitForConnect(Native Method)
	at java.net.DualStackPlainSocketImpl.socketConnect(DualStackPlainSocketImpl.java:85)
	at java.net.AbstractPlainSocketImpl.doConnect(AbstractPlainSocketImpl.java:350)
	at java.net.AbstractPlainSocketImpl.connectToAddress(AbstractPlainSocketImpl.java:206)
	at java.net.AbstractPlainSocketImpl.connect(AbstractPlainSocketImpl.java:188)
	at java.net.PlainSocketImpl.connect(PlainSocketImpl.java:172)
	at java.net.SocksSocketImpl.connect(SocksSocketImpl.java:392)
	at java.net.Socket.connect(Socket.java:589)
	at org.apache.http.conn.socket.PlainConnectionSocketFactory.connectSocket(PlainConnectionSocketFactory.java:74)
	at org.apache.http.impl.conn.DefaultHttpClientConnectionOperator.connect(DefaultHttpClientConnectionOperator.java:134)
	... 44 more
... Removed 26 stack frames]]>
    </failure>
  </testcase> <!-- @AfterMethod closeApp -->
  <testcase name="@BeforeMethod LaunchApp" time="0.0" classname="com.hotelogix.smoke.FrontdeskTest.FrontdeskTest">
    <skipped/>
  </testcase> <!-- @BeforeMethod LaunchApp -->
  <testcase name="@AfterMethod closeApp" time="0.0" classname="com.hotelogix.smoke.FrontdeskTest.FrontdeskTest">
    <skipped/>
  </testcase> <!-- @AfterMethod closeApp -->
  <testcase name="@BeforeMethod LaunchApp" time="0.0" classname="com.hotelogix.smoke.FrontdeskTest.FrontdeskTest">
    <skipped/>
  </testcase> <!-- @BeforeMethod LaunchApp -->
  <testcase name="@AfterMethod closeApp" time="0.0" classname="com.hotelogix.smoke.FrontdeskTest.FrontdeskTest">
    <skipped/>
  </testcase> <!-- @AfterMethod closeApp -->
  <testcase name="@BeforeMethod LaunchApp" time="0.0" classname="com.hotelogix.smoke.FrontdeskTest.FrontdeskTest">
    <skipped/>
  </testcase> <!-- @BeforeMethod LaunchApp -->
  <testcase name="@AfterMethod closeApp" time="0.0" classname="com.hotelogix.smoke.FrontdeskTest.FrontdeskTest">
    <skipped/>
  </testcase> <!-- @AfterMethod closeApp -->
  <testcase name="@BeforeMethod LaunchApp" time="0.0" classname="com.hotelogix.smoke.FrontdeskTest.FrontdeskTest">
    <skipped/>
  </testcase> <!-- @BeforeMethod LaunchApp -->
  <testcase name="@AfterMethod closeApp" time="0.0" classname="com.hotelogix.smoke.FrontdeskTest.FrontdeskTest">
    <skipped/>
  </testcase> <!-- @AfterMethod closeApp -->
  <testcase name="@BeforeMethod LaunchApp" time="0.0" classname="com.hotelogix.smoke.FrontdeskTest.FrontdeskTest">
    <skipped/>
  </testcase> <!-- @BeforeMethod LaunchApp -->
  <testcase name="@AfterMethod closeApp" time="0.0" classname="com.hotelogix.smoke.FrontdeskTest.FrontdeskTest">
    <skipped/>
  </testcase> <!-- @AfterMethod closeApp -->
  <testcase name="@BeforeMethod LaunchApp" time="0.0" classname="com.hotelogix.smoke.FrontdeskTest.FrontdeskTest">
    <skipped/>
  </testcase> <!-- @BeforeMethod LaunchApp -->
  <testcase name="@AfterMethod closeApp" time="0.0" classname="com.hotelogix.smoke.FrontdeskTest.FrontdeskTest">
    <skipped/>
  </testcase> <!-- @AfterMethod closeApp -->
  <testcase name="@BeforeMethod LaunchApp" time="0.0" classname="com.hotelogix.smoke.FrontdeskTest.FrontdeskTest">
    <skipped/>
  </testcase> <!-- @BeforeMethod LaunchApp -->
  <testcase name="@AfterMethod closeApp" time="0.0" classname="com.hotelogix.smoke.FrontdeskTest.FrontdeskTest">
    <skipped/>
  </testcase> <!-- @AfterMethod closeApp -->
  <testcase name="@BeforeMethod LaunchApp" time="0.0" classname="com.hotelogix.smoke.FrontdeskTest.FrontdeskTest">
    <skipped/>
  </testcase> <!-- @BeforeMethod LaunchApp -->
  <testcase name="@AfterMethod closeApp" time="0.0" classname="com.hotelogix.smoke.FrontdeskTest.FrontdeskTest">
    <skipped/>
  </testcase> <!-- @AfterMethod closeApp -->
  <testcase name="@BeforeMethod LaunchApp" time="0.0" classname="com.hotelogix.smoke.FrontdeskTest.FrontdeskTest">
    <skipped/>
  </testcase> <!-- @BeforeMethod LaunchApp -->
  <testcase name="@AfterMethod closeApp" time="0.0" classname="com.hotelogix.smoke.FrontdeskTest.FrontdeskTest">
    <skipped/>
  </testcase> <!-- @AfterMethod closeApp -->
  <testcase name="@BeforeMethod LaunchApp" time="0.0" classname="com.hotelogix.smoke.FrontdeskTest.FrontdeskTest">
    <skipped/>
  </testcase> <!-- @BeforeMethod LaunchApp -->
  <testcase name="@AfterMethod closeApp" time="0.0" classname="com.hotelogix.smoke.FrontdeskTest.FrontdeskTest">
    <skipped/>
  </testcase> <!-- @AfterMethod closeApp -->
  <testcase name="TC_34" time="159.126" classname="com.hotelogix.smoke.FrontdeskTest.FrontdeskTest"/>
  <testcase name="TC_35_36" time="216.41" classname="com.hotelogix.smoke.FrontdeskTest.FrontdeskTest">
    <failure type="org.openqa.selenium.remote.UnreachableBrowserException" message="Error communicating with the remote browser. It may have died.
Build info: version: &amp;apos;2.46.0&amp;apos;, revision: &amp;apos;61506a4624b13675f24581e453592342b7485d71&amp;apos;, time: &amp;apos;2015-06-04 10:22:50&amp;apos;
System info: host: &amp;apos;hmspc101&amp;apos;, ip: &amp;apos;192.168.2.114&amp;apos;, os.name: &amp;apos;Windows 10&amp;apos;, os.arch: &amp;apos;amd64&amp;apos;, os.version: &amp;apos;10.0&amp;apos;, java.version: &amp;apos;1.8.0_65&amp;apos;
Driver info: driver.version: RemoteWebDriver">
      <![CDATA[org.openqa.selenium.remote.UnreachableBrowserException: Error communicating with the remote browser. It may have died.
Build info: version: '2.46.0', revision: '61506a4624b13675f24581e453592342b7485d71', time: '2015-06-04 10:22:50'
System info: host: 'hmspc101', ip: '192.168.2.114', os.name: 'Windows 10', os.arch: 'amd64', os.version: '10.0', java.version: '1.8.0_65'
Driver info: driver.version: RemoteWebDriver
	at org.openqa.selenium.remote.RemoteWebDriver.execute(RemoteWebDriver.java:599)
	at org.openqa.selenium.remote.RemoteWebElement.execute(RemoteWebElement.java:269)
	at org.openqa.selenium.remote.RemoteWebElement.findElements(RemoteWebElement.java:188)
	at org.openqa.selenium.remote.RemoteWebElement.findElementsByXPath(RemoteWebElement.java:249)
	at org.openqa.selenium.By$ByXPath.findElements(By.java:353)
	at org.openqa.selenium.remote.RemoteWebElement.findElements(RemoteWebElement.java:164)
	at org.openqa.selenium.support.pagefactory.internal.LocatingElementHandler.invoke(LocatingElementHandler.java:51)
	at com.sun.proxy.$Proxy7.findElements(Unknown Source)
	at org.openqa.selenium.support.ui.Select.selectByVisibleText(Select.java:114)
	at com.hotelogix.smoke.genericandbase.GenericMethods.selectElement(GenericMethods.java:469)
	at com.hotelogix.smoke.frontdesk.FrontdeskHome.AddQuickReservationForm.FillQuickResvForm(AddQuickReservationForm.java:242)
	at com.hotelogix.smoke.FrontdeskTest.FrontdeskTest.TC_35_36(FrontdeskTest.java:4704)
Caused by: org.apache.http.conn.HttpHostConnectException: Connect to 127.0.0.1:7055 [/127.0.0.1] failed: Connection refused: connect
	at org.apache.http.impl.conn.DefaultHttpClientConnectionOperator.connect(DefaultHttpClientConnectionOperator.java:151)
	at org.apache.http.impl.conn.PoolingHttpClientConnectionManager.connect(PoolingHttpClientConnectionManager.java:353)
	at org.apache.http.impl.execchain.MainClientExec.establishRoute(MainClientExec.java:380)
	at org.apache.http.impl.execchain.MainClientExec.execute(MainClientExec.java:236)
	at org.apache.http.impl.execchain.ProtocolExec.execute(ProtocolExec.java:184)
	at org.apache.http.impl.execchain.RetryExec.execute(RetryExec.java:88)
	at org.apache.http.impl.execchain.RedirectExec.execute(RedirectExec.java:110)
	at org.apache.http.impl.client.InternalHttpClient.doExecute(InternalHttpClient.java:184)
	at org.apache.http.impl.client.CloseableHttpClient.execute(CloseableHttpClient.java:71)
	at org.apache.http.impl.client.CloseableHttpClient.execute(CloseableHttpClient.java:55)
	at org.openqa.selenium.remote.internal.ApacheHttpClient.fallBackExecute(ApacheHttpClient.java:161)
	at org.openqa.selenium.remote.internal.ApacheHttpClient.execute(ApacheHttpClient.java:89)
	at org.openqa.selenium.remote.HttpCommandExecutor.execute(HttpCommandExecutor.java:134)
	at org.openqa.selenium.firefox.internal.NewProfileExtensionConnection.execute(NewProfileExtensionConnection.java:168)
	at org.openqa.selenium.firefox.FirefoxDriver$LazyCommandExecutor.execute(FirefoxDriver.java:392)
	at org.openqa.selenium.remote.RemoteWebDriver.execute(RemoteWebDriver.java:578)
	... 39 more
Caused by: java.net.ConnectException: Connection refused: connect
	at java.net.DualStackPlainSocketImpl.waitForConnect(Native Method)
	at java.net.DualStackPlainSocketImpl.socketConnect(DualStackPlainSocketImpl.java:85)
	at java.net.AbstractPlainSocketImpl.doConnect(AbstractPlainSocketImpl.java:350)
	at java.net.AbstractPlainSocketImpl.connectToAddress(AbstractPlainSocketImpl.java:206)
	at java.net.AbstractPlainSocketImpl.connect(AbstractPlainSocketImpl.java:188)
	at java.net.PlainSocketImpl.connect(PlainSocketImpl.java:172)
	at java.net.SocksSocketImpl.connect(SocksSocketImpl.java:392)
	at java.net.Socket.connect(Socket.java:589)
	at org.apache.http.conn.socket.PlainConnectionSocketFactory.connectSocket(PlainConnectionSocketFactory.java:74)
	at org.apache.http.impl.conn.DefaultHttpClientConnectionOperator.connect(DefaultHttpClientConnectionOperator.java:134)
	... 54 more
... Removed 28 stack frames]]>
    </failure>
  </testcase> <!-- TC_35_36 -->
  <testcase name="TC_37_38" time="0.002" classname="com.hotelogix.smoke.FrontdeskTest.FrontdeskTest">
    <skipped/>
  </testcase> <!-- TC_37_38 -->
  <testcase name="TC_37_1_39" time="0.002" classname="com.hotelogix.smoke.FrontdeskTest.FrontdeskTest">
    <skipped/>
  </testcase> <!-- TC_37_1_39 -->
  <testcase name="TC_40" time="0.004" classname="com.hotelogix.smoke.FrontdeskTest.FrontdeskTest">
    <skipped/>
  </testcase> <!-- TC_40 -->
  <testcase name="TC_41" time="0.001" classname="com.hotelogix.smoke.FrontdeskTest.FrontdeskTest">
    <skipped/>
  </testcase> <!-- TC_41 -->
  <testcase name="TC_42_43_44_45_46_47" time="0.001" classname="com.hotelogix.smoke.FrontdeskTest.FrontdeskTest">
    <skipped/>
  </testcase> <!-- TC_42_43_44_45_46_47 -->
  <testcase name="TC_48_49_51" time="0.0" classname="com.hotelogix.smoke.FrontdeskTest.FrontdeskTest">
    <skipped/>
  </testcase> <!-- TC_48_49_51 -->
  <testcase name="TC_50" time="0.002" classname="com.hotelogix.smoke.FrontdeskTest.FrontdeskTest">
    <skipped/>
  </testcase> <!-- TC_50 -->
  <testcase name="TC_55_56_57_58_59_60" time="0.0" classname="com.hotelogix.smoke.FrontdeskTest.FrontdeskTest">
    <skipped/>
  </testcase> <!-- TC_55_56_57_58_59_60 -->
  <testcase name="Tc_52_53_54" time="0.0" classname="com.hotelogix.smoke.FrontdeskTest.FrontdeskTest">
    <skipped/>
  </testcase> <!-- Tc_52_53_54 -->
  <testcase name="TC_61_62_63" time="0.001" classname="com.hotelogix.smoke.FrontdeskTest.FrontdeskTest">
    <skipped/>
  </testcase> <!-- TC_61_62_63 -->
</testsuite> <!-- Test(failed)(failed)(failed) -->
